<?xml version="1.0" encoding="UTF-8"?>
<testsuite name="com.client.AuthorizationFormTest" tests="1" skipped="0" failures="0" errors="0" timestamp="2023-04-13T20:13:13" hostname="DESKTOP-43HP2LP" time="8.466">
  <properties/>
  <testcase name="succesFillLoginFormTest()" classname="com.client.AuthorizationFormTest" time="8.466"/>
  <system-out><![CDATA[]]></system-out>
  <system-err><![CDATA[Starting ChromeDriver 112.0.5615.49 (bd2a7bcb881c11e8cfe3078709382934e3916914-refs/branch-heads/5615@{#936}) on port 19677
Only local connections are allowed.
Please see https://chromedriver.chromium.org/security-considerations for suggestions on keeping ChromeDriver safe.
ChromeDriver was started successfully.
апр. 13, 2023 11:13:16 PM org.openqa.selenium.devtools.CdpVersionFinder findNearestMatch
WARNING: Unable to find an exact match for CDP version 112, so returning the closest version found: 110
]]></system-err>
</testsuite>
